# JRE version: OpenJDK Runtime Environment (13.0.4+8) (build 13.0.4+8-Ubuntu-120.04)
# Java VM: OpenJDK 64-Bit Server VM (13.0.4+8-Ubuntu-120.04, mixed mode, tiered, compressed oops, g1 gc, linux-amd64)
Heap:
 garbage-first heap   total 608256K, used 335560K [0x000000008b800000, 0x0000000100000000)
  region size 1024K, 4 young (4096K), 1 survivors (1024K)
 Metaspace       used 13646K, capacity 13911K, committed 14208K, reserved 1062912K
  class space    used 1238K, capacity 1370K, committed 1408K, reserved 1048576K
GC Heap History (20 events):
Event: 5.690 GC heap before
{Heap before GC invocations=44 (full 0):
 garbage-first heap   total 55296K, used 21144K [0x000000008b800000, 0x0000000100000000)
  region size 1024K, 3 young (3072K), 1 survivors (1024K)
 Metaspace       used 12974K, capacity 13271K, committed 13440K, reserved 1060864K
  class space    used 1237K, capacity 1370K, committed 1408K, reserved 1048576K
}
Event: 5.692 GC heap after
{Heap after GC invocations=45 (full 0):
 garbage-first heap   total 55296K, used 7837K [0x000000008b800000, 0x0000000100000000)
  region size 1024K, 1 young (1024K), 1 survivors (1024K)
 Metaspace       used 12974K, capacity 13271K, committed 13440K, reserved 1060864K
  class space    used 1237K, capacity 1370K, committed 1408K, reserved 1048576K
}
Event: 5.844 GC heap before
{Heap before GC invocations=46 (full 0):
 garbage-first heap   total 55296K, used 21149K [0x000000008b800000, 0x0000000100000000)
  region size 1024K, 3 young (3072K), 1 survivors (1024K)
 Metaspace       used 12983K, capacity 13271K, committed 13440K, reserved 1060864K
  class space    used 1237K, capacity 1370K, committed 1408K, reserved 1048576K
}
Event: 5.847 GC heap after
{Heap after GC invocations=47 (full 0):
 garbage-first heap   total 67584K, used 7839K [0x000000008b800000, 0x0000000100000000)
  region size 1024K, 1 young (1024K), 1 survivors (1024K)
 Metaspace       used 12983K, capacity 13271K, committed 13440K, reserved 1060864K
  class space    used 1237K, capacity 1370K, committed 1408K, reserved 1048576K
}
Event: 5.991 GC heap before
{Heap before GC invocations=48 (full 0):
 garbage-first heap   total 58368K, used 21151K [0x000000008b800000, 0x0000000100000000)
  region size 1024K, 3 young (3072K), 1 survivors (1024K)
 Metaspace       used 12983K, capacity 13271K, committed 13440K, reserved 1060864K
  class space    used 1237K, capacity 1370K, committed 1408K, reserved 1048576K
}
Event: 5.994 GC heap after
{Heap after GC invocations=49 (full 0):
 garbage-first heap   total 58368K, used 7845K [0x000000008b800000, 0x0000000100000000)
  region size 1024K, 1 young (1024K), 1 survivors (1024K)
 Metaspace       used 12983K, capacity 13271K, committed 13440K, reserved 1060864K
  class space    used 1237K, capacity 1370K, committed 1408K, reserved 1048576K
}
Event: 6.142 GC heap before
{Heap before GC invocations=50 (full 0):
 garbage-first heap   total 58368K, used 21157K [0x000000008b800000, 0x0000000100000000)
  region size 1024K, 3 young (3072K), 1 survivors (1024K)
 Metaspace       used 12997K, capacity 13271K, committed 13440K, reserved 1060864K
  class space    used 1237K, capacity 1370K, committed 1408K, reserved 1048576K
}
Event: 6.144 GC heap after
{Heap after GC invocations=51 (full 0):
 garbage-first heap   total 58368K, used 7845K [0x000000008b800000, 0x0000000100000000)
  region size 1024K, 1 young (1024K), 1 survivors (1024K)
 Metaspace       used 12997K, capacity 13271K, committed 13440K, reserved 1060864K
  class space    used 1237K, capacity 1370K, committed 1408K, reserved 1048576K
}
Event: 6.298 GC heap before
{Heap before GC invocations=52 (full 0):
 garbage-first heap   total 58368K, used 21157K [0x000000008b800000, 0x0000000100000000)
  region size 1024K, 3 young (3072K), 1 survivors (1024K)
 Metaspace       used 12998K, capacity 13271K, committed 13440K, reserved 1060864K
  class space    used 1237K, capacity 1370K, committed 1408K, reserved 1048576K
}
Event: 6.301 GC heap after
{Heap after GC invocations=53 (full 0):
 garbage-first heap   total 58368K, used 7846K [0x000000008b800000, 0x0000000100000000)
  region size 1024K, 1 young (1024K), 1 survivors (1024K)
 Metaspace       used 12998K, capacity 13271K, committed 13440K, reserved 1060864K
  class space    used 1237K, capacity 1370K, committed 1408K, reserved 1048576K
}
Event: 6.455 GC heap before
{Heap before GC invocations=54 (full 0):
 garbage-first heap   total 58368K, used 21158K [0x000000008b800000, 0x0000000100000000)
  region size 1024K, 3 young (3072K), 1 survivors (1024K)
 Metaspace       used 13002K, capacity 13271K, committed 13440K, reserved 1060864K
  class space    used 1237K, capacity 1370K, committed 1408K, reserved 1048576K
}
Event: 6.458 GC heap after
{Heap after GC invocations=55 (full 0):
 garbage-first heap   total 70656K, used 7846K [0x000000008b800000, 0x0000000100000000)
  region size 1024K, 1 young (1024K), 1 survivors (1024K)
 Metaspace       used 13002K, capacity 13271K, committed 13440K, reserved 1060864K
  class space    used 1237K, capacity 1370K, committed 1408K, reserved 1048576K
}
Event: 12.246 GC heap before
{Heap before GC invocations=56 (full 0):
 garbage-first heap   total 489472K, used 485030K [0x000000008b800000, 0x0000000100000000)
  region size 1024K, 5 young (5120K), 1 survivors (1024K)
 Metaspace       used 13155K, capacity 13463K, committed 13696K, reserved 1060864K
  class space    used 1238K, capacity 1370K, committed 1408K, reserved 1048576K
}
Event: 12.248 GC heap after
{Heap after GC invocations=57 (full 0):
 garbage-first heap   total 490496K, used 13998K [0x000000008b800000, 0x0000000100000000)
  region size 1024K, 1 young (1024K), 1 survivors (1024K)
 Metaspace       used 13155K, capacity 13463K, committed 13696K, reserved 1060864K
  class space    used 1238K, capacity 1370K, committed 1408K, reserved 1048576K
}
Event: 35.244 GC heap before
{Heap before GC invocations=57 (full 0):
 garbage-first heap   total 1903616K, used 1896110K [0x000000008b800000, 0x0000000100000000)
  region size 1024K, 10 young (10240K), 1 survivors (1024K)
 Metaspace       used 13480K, capacity 13783K, committed 14208K, reserved 1062912K
  class space    used 1238K, capacity 1370K, committed 1408K, reserved 1048576K
}
Event: 35.252 GC heap after
{Heap after GC invocations=58 (full 0):
 garbage-first heap   total 1903616K, used 7864K [0x000000008b800000, 0x0000000100000000)
  region size 1024K, 1 young (1024K), 1 survivors (1024K)
 Metaspace       used 13480K, capacity 13783K, committed 14208K, reserved 1062912K
  class space    used 1238K, capacity 1370K, committed 1408K, reserved 1048576K
}
Event: 45.160 GC heap before
{Heap before GC invocations=58 (full 0):
 garbage-first heap   total 1903616K, used 854712K [0x000000008b800000, 0x0000000100000000)
  region size 1024K, 7 young (7168K), 1 survivors (1024K)
 Metaspace       used 13540K, capacity 13847K, committed 14208K, reserved 1062912K
  class space    used 1238K, capacity 1370K, committed 1408K, reserved 1048576K
}
Event: 45.165 GC heap after
{Heap after GC invocations=59 (full 0):
 garbage-first heap   total 1903616K, used 7868K [0x000000008b800000, 0x0000000100000000)
  region size 1024K, 1 young (1024K), 1 survivors (1024K)
 Metaspace       used 13540K, capacity 13847K, committed 14208K, reserved 1062912K
  class space    used 1238K, capacity 1370K, committed 1408K, reserved 1048576K
}
Event: 52.311 GC heap before
{Heap before GC invocations=60 (full 0):
 garbage-first heap   total 606208K, used 601788K [0x000000008b800000, 0x0000000100000000)
  region size 1024K, 5 young (5120K), 1 survivors (1024K)
 Metaspace       used 13636K, capacity 13911K, committed 14208K, reserved 1062912K
  class space    used 1238K, capacity 1370K, committed 1408K, reserved 1048576K
}
Event: 52.313 GC heap after
{Heap after GC invocations=61 (full 0):
 garbage-first heap   total 608256K, used 14024K [0x000000008b800000, 0x0000000100000000)
  region size 1024K, 1 young (1024K), 1 survivors (1024K)
 Metaspace       used 13636K, capacity 13911K, committed 14208K, reserved 1062912K
  class space    used 1238K, capacity 1370K, committed 1408K, reserved 1048576K
}

